<?xml version="1.0" encoding="UTF-8"?>
<testsuite name="C:/Users/Harshesh/IdeaProjects/APIAutomationATB6x"
           tests="2"
           failures="0"
           errors="0"
           skipped="0"
           time="3.965">
    <properties></properties>



            <testcase
                name="testCreateBooking"
                time="2.687"
                classname="com.thetestingacademy.tests.crud.testCreateBookingPOST">
            </testcase>
            <testcase
                name="testCreateBookingNegative"
                time="1.278"
                classname="com.thetestingacademy.tests.crud.testCreateBookingPOST">
            </testcase>
</testsuite>
